Testsuite: EdAbstractedSelectionTest7
Tests run: 24, Failures: 11, Errors: 0, Time elapsed: 0.047 sec

Testcase: manyElementisSmallerElementSwapTest took 0.002 sec
Testcase: oneElementSwapTest took 0.001 sec
Testcase: manyElementdoSelectionTest took 0.003 sec
	FAILED
arrays first differed at element [3]; expected:<5> but was:<4>
junit.framework.AssertionFailedError: arrays first differed at element [3]; expected:<5> but was:<4>
	at EdAbstractedSelectionTest7.manyElementdoSelectionTest(Unknown Source)

Testcase: firstArrayElementisSmallerElementSwapTest took 0.001 sec
Testcase: mixedArrayElementisSmallerElementSwapTest took 0 sec
Testcase: firstElementdoSelectionTest took 0.001 sec
Testcase: manyElementfindSmallestElementTest took 0 sec
Testcase: lastElementfindSmallestElementTest took 0.001 sec
Testcase: mixedElementdoSelectionTest took 0 sec
	FAILED
arrays first differed at element [8]; expected:<21> but was:<6>
junit.framework.AssertionFailedError: arrays first differed at element [8]; expected:<21> but was:<6>
	at EdAbstractedSelectionTest7.mixedElementdoSelectionTest(Unknown Source)

Testcase: zeroElementdoSelectionSortTest took 0 sec
Testcase: oneElementfindSmallestElementTest took 0 sec
Testcase: zeroElementSwapTest took 0 sec
	FAILED
Expected exception: java.io.IOException
junit.framework.AssertionFailedError: Expected exception: java.io.IOException

Testcase: firstArrayElementSwapTest took 0 sec
	FAILED
arrays first differed at element [0]; expected:<10> but was:<5>
junit.framework.AssertionFailedError: arrays first differed at element [0]; expected:<10> but was:<5>
	at EdAbstractedSelectionTest7.firstArrayElementSwapTest(Unknown Source)

Testcase: manyElementSwapTest took 0.001 sec
	FAILED
arrays first differed at element [1]; expected:<12> but was:<4>
junit.framework.AssertionFailedError: arrays first differed at element [1]; expected:<12> but was:<4>
	at EdAbstractedSelectionTest7.manyElementSwapTest(Unknown Source)

Testcase: lastElementdoSelectionTest took 0 sec
	FAILED
arrays first differed at element [9]; expected:<6> but was:<51>
junit.framework.AssertionFailedError: arrays first differed at element [9]; expected:<6> but was:<51>
	at EdAbstractedSelectionTest7.lastElementdoSelectionTest(Unknown Source)

Testcase: zeroElementfindSmallestElementTest took 0.002 sec
	FAILED
Expected exception: java.io.IOException
junit.framework.AssertionFailedError: Expected exception: java.io.IOException

Testcase: mixedArrayElementSwapTest took 0.001 sec
	FAILED
arrays first differed at element [8]; expected:<11> but was:<6>
junit.framework.AssertionFailedError: arrays first differed at element [8]; expected:<11> but was:<6>
	at EdAbstractedSelectionTest7.mixedArrayElementSwapTest(Unknown Source)

Testcase: oneElementdoSelectionSortTest took 0 sec
Testcase: lastArrayElementisSmallerElementSwapTest took 0 sec
Testcase: lastArrayElementSwapTest took 0 sec
	FAILED
arrays first differed at element [0]; expected:<6> but was:<5>
junit.framework.AssertionFailedError: arrays first differed at element [0]; expected:<6> but was:<5>
	at EdAbstractedSelectionTest7.lastArrayElementSwapTest(Unknown Source)

Testcase: zeroElementisSmallerElementSwapTest took 0 sec
	FAILED
Expected exception: java.io.IOException
junit.framework.AssertionFailedError: Expected exception: java.io.IOException

Testcase: firstElementfindSmallestElementTest took 0 sec
Testcase: mixedElementfindSmallestElementTest took 0 sec
Testcase: oneElementisSmallerElementSwapTest took 0 sec
	FAILED
Expected exception: java.io.IOException
junit.framework.AssertionFailedError: Expected exception: java.io.IOException

